2025-05-10 13:34:21,294 - INFO - source exists: True ||destination exists: True
2025-05-10 13:34:21,294 - INFO - Attempting to clear destination directory <docs>
2025-05-10 13:34:21,296 - INFO - Deletion event completed on the <docs> directory.
2025-05-10 13:34:21,296 - INFO - Is the destination still there after deletion? False
2025-05-10 13:34:21,296 - INFO - Attempting to copy from <static>
2025-05-10 13:34:21,296 - INFO - Creating new directory <docs>...
2025-05-10 13:34:21,296 - INFO - Destination directory <docs> was successfully created!
2025-05-10 13:34:21,296 - INFO - Contents found at source directory: ['images', 'index.css']
2025-05-10 13:34:21,297 - INFO - Directory found! First creating source directory...
2025-05-10 13:34:21,297 - INFO - Directory created!
2025-05-10 13:34:21,297 - INFO - Performing black hole recursion...
2025-05-10 13:34:21,297 - INFO - Contents found at source directory: ['glorfindel.png', 'rivendell.png', 'tolkien.png', 'tom.png']
2025-05-10 13:34:21,297 - INFO - File found! Copying glorfindel.png from <static/images/glorfindel.png> to <docs/images/glorfindel.png>
2025-05-10 13:34:21,298 - INFO - File found! Copying rivendell.png from <static/images/rivendell.png> to <docs/images/rivendell.png>
2025-05-10 13:34:21,302 - INFO - File found! Copying tolkien.png from <static/images/tolkien.png> to <docs/images/tolkien.png>
2025-05-10 13:34:21,303 - INFO - File found! Copying tom.png from <static/images/tom.png> to <docs/images/tom.png>
2025-05-10 13:34:21,305 - INFO - Checking to see if we made it out ok...
2025-05-10 13:34:21,305 - INFO - File found! Copying index.css from <static/index.css> to <docs/index.css>
2025-05-10 13:34:21,305 - INFO - Checking to see if we made it out ok...
2025-05-10 13:34:21,305 - INFO - Contents found at source directory: ['index.md', 'contact', 'blog']
2025-05-10 13:34:21,305 - INFO - Markdown file found! Copying index.md from <content/index.md> to <docs/index.html>
2025-05-10 13:34:21,305 - INFO - Generating page from content/index.md to docs/index.html using template.html.
2025-05-10 13:34:21,305 - INFO - Opening file at: content/index.md
2025-05-10 13:34:21,305 - INFO - Opening template file at: template.html
2025-05-10 13:34:21,305 - INFO - Creating HTML Node from markdown file...
2025-05-10 13:34:21,306 - INFO - Creating HTML string from node object using to_html method...
2025-05-10 13:34:21,306 - INFO - Extracting page title from markdown file...
2025-05-10 13:34:21,306 - INFO - Reading html template file at template.html and replacing TITLE and CONTENT with the content we just extracted from the markdown file. Already opened and stored this in the template and lines variables above.
2025-05-10 13:34:21,306 - INFO - Writing new HTML page to docs/index.html...
2025-05-10 13:34:21,306 - INFO - Directory found! First creating source directory...
2025-05-10 13:34:21,307 - INFO - Directory created!
2025-05-10 13:34:21,307 - INFO - Performing black hole recursion...
2025-05-10 13:34:21,307 - INFO - Contents found at source directory: ['index.md']
2025-05-10 13:34:21,307 - INFO - Markdown file found! Copying index.md from <content/contact/index.md> to <docs/contact/index.html>
2025-05-10 13:34:21,307 - INFO - Generating page from content/contact/index.md to docs/contact/index.html using template.html.
2025-05-10 13:34:21,307 - INFO - Opening file at: content/contact/index.md
2025-05-10 13:34:21,307 - INFO - Opening template file at: template.html
2025-05-10 13:34:21,307 - INFO - Creating HTML Node from markdown file...
2025-05-10 13:34:21,307 - INFO - Creating HTML string from node object using to_html method...
2025-05-10 13:34:21,307 - INFO - Extracting page title from markdown file...
2025-05-10 13:34:21,307 - INFO - Reading html template file at template.html and replacing TITLE and CONTENT with the content we just extracted from the markdown file. Already opened and stored this in the template and lines variables above.
2025-05-10 13:34:21,308 - INFO - Writing new HTML page to docs/contact/index.html...
2025-05-10 13:34:21,308 - INFO - Checking to see if we made it out ok...
2025-05-10 13:34:21,308 - INFO - Directory found! First creating source directory...
2025-05-10 13:34:21,308 - INFO - Directory created!
2025-05-10 13:34:21,308 - INFO - Performing black hole recursion...
2025-05-10 13:34:21,308 - INFO - Contents found at source directory: ['tom', 'stimpy', 'glorfindel', 'majesty']
2025-05-10 13:34:21,308 - INFO - Directory found! First creating source directory...
2025-05-10 13:34:21,309 - INFO - Directory created!
2025-05-10 13:34:21,309 - INFO - Performing black hole recursion...
2025-05-10 13:34:21,309 - INFO - Contents found at source directory: ['index.md']
2025-05-10 13:34:21,309 - INFO - Markdown file found! Copying index.md from <content/blog/tom/index.md> to <docs/blog/tom/index.html>
2025-05-10 13:34:21,309 - INFO - Generating page from content/blog/tom/index.md to docs/blog/tom/index.html using template.html.
2025-05-10 13:34:21,309 - INFO - Opening file at: content/blog/tom/index.md
2025-05-10 13:34:21,309 - INFO - Opening template file at: template.html
2025-05-10 13:34:21,309 - INFO - Creating HTML Node from markdown file...
2025-05-10 13:34:21,310 - INFO - Creating HTML string from node object using to_html method...
2025-05-10 13:34:21,310 - INFO - Extracting page title from markdown file...
2025-05-10 13:34:21,310 - INFO - Reading html template file at template.html and replacing TITLE and CONTENT with the content we just extracted from the markdown file. Already opened and stored this in the template and lines variables above.
2025-05-10 13:34:21,310 - INFO - Writing new HTML page to docs/blog/tom/index.html...
2025-05-10 13:34:21,310 - INFO - Checking to see if we made it out ok...
2025-05-10 13:34:21,310 - INFO - Directory found! First creating source directory...
2025-05-10 13:34:21,311 - INFO - Directory created!
2025-05-10 13:34:21,311 - INFO - Performing black hole recursion...
2025-05-10 13:34:21,311 - INFO - Contents found at source directory: ['index.md']
2025-05-10 13:34:21,311 - INFO - Markdown file found! Copying index.md from <content/blog/stimpy/index.md> to <docs/blog/stimpy/index.html>
2025-05-10 13:34:21,311 - INFO - Generating page from content/blog/stimpy/index.md to docs/blog/stimpy/index.html using template.html.
2025-05-10 13:34:21,311 - INFO - Opening file at: content/blog/stimpy/index.md
2025-05-10 13:34:21,311 - INFO - Opening template file at: template.html
2025-05-10 13:34:21,311 - INFO - Creating HTML Node from markdown file...
2025-05-10 13:34:21,311 - INFO - Creating HTML string from node object using to_html method...
2025-05-10 13:34:21,311 - INFO - Extracting page title from markdown file...
2025-05-10 13:34:21,311 - INFO - Reading html template file at template.html and replacing TITLE and CONTENT with the content we just extracted from the markdown file. Already opened and stored this in the template and lines variables above.
2025-05-10 13:34:21,311 - INFO - Writing new HTML page to docs/blog/stimpy/index.html...
2025-05-10 13:34:21,312 - INFO - Checking to see if we made it out ok...
2025-05-10 13:34:21,312 - INFO - Directory found! First creating source directory...
2025-05-10 13:34:21,312 - INFO - Directory created!
2025-05-10 13:34:21,312 - INFO - Performing black hole recursion...
2025-05-10 13:34:21,312 - INFO - Contents found at source directory: ['index.md']
2025-05-10 13:34:21,312 - INFO - Markdown file found! Copying index.md from <content/blog/glorfindel/index.md> to <docs/blog/glorfindel/index.html>
2025-05-10 13:34:21,312 - INFO - Generating page from content/blog/glorfindel/index.md to docs/blog/glorfindel/index.html using template.html.
2025-05-10 13:34:21,312 - INFO - Opening file at: content/blog/glorfindel/index.md
2025-05-10 13:34:21,312 - INFO - Opening template file at: template.html
2025-05-10 13:34:21,312 - INFO - Creating HTML Node from markdown file...
2025-05-10 13:34:21,313 - INFO - Creating HTML string from node object using to_html method...
2025-05-10 13:34:21,313 - INFO - Extracting page title from markdown file...
2025-05-10 13:34:21,313 - INFO - Reading html template file at template.html and replacing TITLE and CONTENT with the content we just extracted from the markdown file. Already opened and stored this in the template and lines variables above.
2025-05-10 13:34:21,313 - INFO - Writing new HTML page to docs/blog/glorfindel/index.html...
2025-05-10 13:34:21,313 - INFO - Checking to see if we made it out ok...
2025-05-10 13:34:21,313 - INFO - Directory found! First creating source directory...
2025-05-10 13:34:21,314 - INFO - Directory created!
2025-05-10 13:34:21,314 - INFO - Performing black hole recursion...
2025-05-10 13:34:21,314 - INFO - Contents found at source directory: ['index.md']
2025-05-10 13:34:21,314 - INFO - Markdown file found! Copying index.md from <content/blog/majesty/index.md> to <docs/blog/majesty/index.html>
2025-05-10 13:34:21,314 - INFO - Generating page from content/blog/majesty/index.md to docs/blog/majesty/index.html using template.html.
2025-05-10 13:34:21,314 - INFO - Opening file at: content/blog/majesty/index.md
2025-05-10 13:34:21,314 - INFO - Opening template file at: template.html
2025-05-10 13:34:21,314 - INFO - Creating HTML Node from markdown file...
2025-05-10 13:34:21,314 - INFO - Creating HTML string from node object using to_html method...
2025-05-10 13:34:21,315 - INFO - Extracting page title from markdown file...
2025-05-10 13:34:21,315 - INFO - Reading html template file at template.html and replacing TITLE and CONTENT with the content we just extracted from the markdown file. Already opened and stored this in the template and lines variables above.
2025-05-10 13:34:21,315 - INFO - Writing new HTML page to docs/blog/majesty/index.html...
2025-05-10 13:34:21,315 - INFO - Checking to see if we made it out ok...
2025-05-10 13:34:21,315 - INFO - Checking to see if we made it out ok...
2025-05-10 13:34:21,315 - INFO - Checking to see if we made it out ok...
